Determining if the pthread_create exist failed with the following output:
Change Dir: /home/bani7805/Dokumente/programmiersprachen-aufgabenblatt-4/build/CMakeFiles/CMakeTmp

Run Build Command:"/usr/bin/make" "cmTC_0d976/fast"
/usr/bin/make -f CMakeFiles/cmTC_0d976.dir/build.make CMakeFiles/cmTC_0d976.dir/build
make[1]: Verzeichnis „/home/bani7805/Dokumente/programmiersprachen-aufgabenblatt-4/build/CMakeFiles/CMakeTmp“ wird betreten
Building C object CMakeFiles/cmTC_0d976.dir/CheckSymbolExists.c.o
/usr/bin/cc     -o CMakeFiles/cmTC_0d976.dir/CheckSymbolExists.c.o   -c /home/bani7805/Dokumente/programmiersprachen-aufgabenblatt-4/build/CMakeFiles/CMakeTmp/CheckSymbolExists.c
Linking C executable cmTC_0d976
/usr/bin/cmake -E cmake_link_script CMakeFiles/cmTC_0d976.dir/link.txt --verbose=1
/usr/bin/cc       CMakeFiles/cmTC_0d976.dir/CheckSymbolExists.c.o  -o cmTC_0d976 -rdynamic 
CMakeFiles/cmTC_0d976.dir/CheckSymbolExists.c.o: In function `main':
CheckSymbolExists.c:(.text+0x16): undefined reference to `pthread_create'
collect2: Fehler: ld gab 1 als Ende-Status zurück
make[1]: *** [CMakeFiles/cmTC_0d976.dir/build.make:98: cmTC_0d976] Fehler 1
make[1]: Verzeichnis „/home/bani7805/Dokumente/programmiersprachen-aufgabenblatt-4/build/CMakeFiles/CMakeTmp“ wird verlassen
make: *** [Makefile:126: cmTC_0d976/fast] Fehler 2

File /home/bani7805/Dokumente/programmiersprachen-aufgabenblatt-4/build/CMakeFiles/CMakeTmp/CheckSymbolExists.c:
/* */
#include <pthread.h>

int main(int argc, char** argv)
{
  (void)argv;
#ifndef pthread_create
  return ((int*)(&pthread_create))[argc];
#else
  (void)argc;
  return 0;
#endif
}

Determining if the function pthread_create exists in the pthreads failed with the following output:
Change Dir: /home/bani7805/Dokumente/programmiersprachen-aufgabenblatt-4/build/CMakeFiles/CMakeTmp

Run Build Command:"/usr/bin/make" "cmTC_4c186/fast"
/usr/bin/make -f CMakeFiles/cmTC_4c186.dir/build.make CMakeFiles/cmTC_4c186.dir/build
make[1]: Verzeichnis „/home/bani7805/Dokumente/programmiersprachen-aufgabenblatt-4/build/CMakeFiles/CMakeTmp“ wird betreten
Building C object CMakeFiles/cmTC_4c186.dir/CheckFunctionExists.c.o
/usr/bin/cc    -DCHECK_FUNCTION_EXISTS=pthread_create   -o CMakeFiles/cmTC_4c186.dir/CheckFunctionExists.c.o   -c /usr/share/cmake-3.7/Modules/CheckFunctionExists.c
Linking C executable cmTC_4c186
/usr/bin/cmake -E cmake_link_script CMakeFiles/cmTC_4c186.dir/link.txt --verbose=1
/usr/bin/cc   -DCHECK_FUNCTION_EXISTS=pthread_create    CMakeFiles/cmTC_4c186.dir/CheckFunctionExists.c.o  -o cmTC_4c186 -rdynamic -lpthreads 
/usr/bin/ld: cannot find -lpthreads
collect2: Fehler: ld gab 1 als Ende-Status zurück
make[1]: *** [CMakeFiles/cmTC_4c186.dir/build.make:98: cmTC_4c186] Fehler 1
make[1]: Verzeichnis „/home/bani7805/Dokumente/programmiersprachen-aufgabenblatt-4/build/CMakeFiles/CMakeTmp“ wird verlassen
make: *** [Makefile:126: cmTC_4c186/fast] Fehler 2


